2021-11-03 22:06:28.021  INFO 7246 --- [restartedMain] c.b.e.EmployeePayrollAppApplication      : Starting EmployeePayrollAppApplication using Java 17 on shruthim-Latitude-5511 with PID 7246 (/home/shruthim/Spring-Workspace/EmployeePayrollApp/target/classes started by shruthim in /home/shruthim/Spring-Workspace/EmployeePayrollApp)
2021-11-03 22:06:28.021  INFO 7246 --- [restartedMain] c.b.e.EmployeePayrollAppApplication      : No active profile set, falling back to default profiles: default
2021-11-03 22:06:28.112  INFO 7246 --- [restartedMain] .s.d.r.c.RepositoryConfigurationDelegate : Bootstrapping Spring Data JPA repositories in DEFAULT mode.
2021-11-03 22:06:28.113  INFO 7246 --- [restartedMain] .s.d.r.c.RepositoryConfigurationDelegate : Finished Spring Data repository scanning in 0 ms. Found 0 JPA repository interfaces.
2021-11-03 22:06:28.163  INFO 7246 --- [restartedMain] o.s.b.w.embedded.tomcat.TomcatWebServer  : Tomcat initialized with port(s): 8081 (http)
2021-11-03 22:06:28.163  INFO 7246 --- [restartedMain] o.apache.catalina.core.StandardService   : Starting service [Tomcat]
2021-11-03 22:06:28.163  INFO 7246 --- [restartedMain] org.apache.catalina.core.StandardEngine  : Starting Servlet engine: [Apache Tomcat/9.0.54]
2021-11-03 22:06:28.167  INFO 7246 --- [restartedMain] o.a.c.c.C.[Tomcat].[localhost].[/]       : Initializing Spring embedded WebApplicationContext
2021-11-03 22:06:28.167  INFO 7246 --- [restartedMain] w.s.c.ServletWebServerApplicationContext : Root WebApplicationContext: initialization completed in 145 ms
2021-11-03 22:06:28.186  INFO 7246 --- [restartedMain] com.zaxxer.hikari.HikariDataSource       : HikariPool-4 - Starting...
2021-11-03 22:06:28.197  INFO 7246 --- [restartedMain] com.zaxxer.hikari.HikariDataSource       : HikariPool-4 - Start completed.
2021-11-03 22:06:28.198  INFO 7246 --- [restartedMain] o.hibernate.jpa.internal.util.LogHelper  : HHH000204: Processing PersistenceUnitInfo [name: default]
2021-11-03 22:06:28.201  INFO 7246 --- [restartedMain] org.hibernate.dialect.Dialect            : HHH000400: Using dialect: org.hibernate.dialect.MySQL57Dialect
2021-11-03 22:06:28.205  INFO 7246 --- [restartedMain] o.h.e.t.j.p.i.JtaPlatformInitiator       : HHH000490: Using JtaPlatform implementation: [org.hibernate.engine.transaction.jta.platform.internal.NoJtaPlatform]
2021-11-03 22:06:28.205  INFO 7246 --- [restartedMain] j.LocalContainerEntityManagerFactoryBean : Initialized JPA EntityManagerFactory for persistence unit 'default'
2021-11-03 22:06:28.217  WARN 7246 --- [restartedMain] JpaBaseConfiguration$JpaWebConfiguration : spring.jpa.open-in-view is enabled by default. Therefore, database queries may be performed during view rendering. Explicitly configure spring.jpa.open-in-view to disable this warning
2021-11-03 22:06:28.263  INFO 7246 --- [restartedMain] o.s.b.d.a.OptionalLiveReloadServer       : LiveReload server is running on port 35729
2021-11-03 22:06:28.268  INFO 7246 --- [restartedMain] o.s.b.w.embedded.tomcat.TomcatWebServer  : Tomcat started on port(s): 8081 (http) with context path ''
2021-11-03 22:06:28.270  INFO 7246 --- [restartedMain] c.b.e.EmployeePayrollAppApplication      : Started EmployeePayrollAppApplication in 0.279 seconds (JVM running for 437.531)
2021-11-03 22:06:28.272  INFO 7246 --- [restartedMain] .ConditionEvaluationDeltaLoggingListener : Condition evaluation unchanged
2021-11-03 22:06:28.272  INFO 7246 --- [restartedMain] c.b.e.EmployeePayrollAppApplication      : Employee Payroll App Started
2021-11-03 22:08:07.754  INFO 7246 --- [Thread-15] j.LocalContainerEntityManagerFactoryBean : Closing JPA EntityManagerFactory for persistence unit 'default'
2021-11-03 22:08:07.755  INFO 7246 --- [Thread-15] com.zaxxer.hikari.HikariDataSource       : HikariPool-4 - Shutdown initiated...
2021-11-03 22:08:07.768  INFO 7246 --- [Thread-15] com.zaxxer.hikari.HikariDataSource       : HikariPool-4 - Shutdown completed.
2021-11-03 22:08:07.859  INFO 7246 --- [restartedMain] c.b.e.EmployeePayrollAppApplication      : Starting EmployeePayrollAppApplication using Java 17 on shruthim-Latitude-5511 with PID 7246 (/home/shruthim/Spring-Workspace/EmployeePayrollApp/target/classes started by shruthim in /home/shruthim/Spring-Workspace/EmployeePayrollApp)
2021-11-03 22:08:07.859 DEBUG 7246 --- [restartedMain] c.b.e.EmployeePayrollAppApplication      : Running with Spring Boot v2.5.6, Spring v5.3.12
2021-11-03 22:08:07.859  INFO 7246 --- [restartedMain] c.b.e.EmployeePayrollAppApplication      : No active profile set, falling back to default profiles: default
2021-11-03 22:08:08.071  WARN 7246 --- [restartedMain] JpaBaseConfiguration$JpaWebConfiguration : spring.jpa.open-in-view is enabled by default. Therefore, database queries may be performed during view rendering. Explicitly configure spring.jpa.open-in-view to disable this warning
2021-11-03 22:08:08.170  INFO 7246 --- [restartedMain] c.b.e.EmployeePayrollAppApplication      : Started EmployeePayrollAppApplication in 0.338 seconds (JVM running for 537.43)
2021-11-03 22:08:08.172  INFO 7246 --- [restartedMain] c.b.e.EmployeePayrollAppApplication      : Employee Payroll App Started
2021-11-03 22:13:17.989  INFO 7246 --- [restartedMain] c.b.e.EmployeePayrollAppApplication      : Starting EmployeePayrollAppApplication using Java 17 on shruthim-Latitude-5511 with PID 7246 (/home/shruthim/Spring-Workspace/EmployeePayrollApp/target/classes started by shruthim in /home/shruthim/Spring-Workspace/EmployeePayrollApp)
2021-11-03 22:13:17.989 DEBUG 7246 --- [restartedMain] c.b.e.EmployeePayrollAppApplication      : Running with Spring Boot v2.5.6, Spring v5.3.12
2021-11-03 22:13:17.989  INFO 7246 --- [restartedMain] c.b.e.EmployeePayrollAppApplication      : No active profile set, falling back to default profiles: default
2021-11-03 22:13:18.181  WARN 7246 --- [restartedMain] JpaBaseConfiguration$JpaWebConfiguration : spring.jpa.open-in-view is enabled by default. Therefore, database queries may be performed during view rendering. Explicitly configure spring.jpa.open-in-view to disable this warning
2021-11-03 22:13:18.242  INFO 7246 --- [restartedMain] c.b.e.EmployeePayrollAppApplication      : Started EmployeePayrollAppApplication in 0.278 seconds (JVM running for 847.502)
2021-11-03 22:13:18.244  INFO 7246 --- [restartedMain] c.b.e.EmployeePayrollAppApplication      : Employee Payroll App Started
2021-11-03 22:13:21.697  INFO 7246 --- [restartedMain] c.b.e.EmployeePayrollAppApplication      : Starting EmployeePayrollAppApplication using Java 17 on shruthim-Latitude-5511 with PID 7246 (/home/shruthim/Spring-Workspace/EmployeePayrollApp/target/classes started by shruthim in /home/shruthim/Spring-Workspace/EmployeePayrollApp)
2021-11-03 22:13:21.697 DEBUG 7246 --- [restartedMain] c.b.e.EmployeePayrollAppApplication      : Running with Spring Boot v2.5.6, Spring v5.3.12
2021-11-03 22:13:21.697  INFO 7246 --- [restartedMain] c.b.e.EmployeePayrollAppApplication      : No active profile set, falling back to default profiles: default
2021-11-03 22:13:21.859  WARN 7246 --- [restartedMain] JpaBaseConfiguration$JpaWebConfiguration : spring.jpa.open-in-view is enabled by default. Therefore, database queries may be performed during view rendering. Explicitly configure spring.jpa.open-in-view to disable this warning
2021-11-03 22:13:21.912  INFO 7246 --- [restartedMain] c.b.e.EmployeePayrollAppApplication      : Started EmployeePayrollAppApplication in 0.231 seconds (JVM running for 851.172)
2021-11-03 22:13:21.913  INFO 7246 --- [restartedMain] c.b.e.EmployeePayrollAppApplication      : Employee Payroll App Started
2021-11-03 22:13:41.500  INFO 21222 --- [restartedMain] c.b.e.EmployeePayrollAppApplication      : Starting EmployeePayrollAppApplication using Java 17 on shruthim-Latitude-5511 with PID 21222 (/home/shruthim/Spring-Workspace/EmployeePayrollApp/target/classes started by shruthim in /home/shruthim/Spring-Workspace/EmployeePayrollApp)
2021-11-03 22:13:41.501 DEBUG 21222 --- [restartedMain] c.b.e.EmployeePayrollAppApplication      : Running with Spring Boot v2.5.6, Spring v5.3.12
2021-11-03 22:13:41.501  INFO 21222 --- [restartedMain] c.b.e.EmployeePayrollAppApplication      : No active profile set, falling back to default profiles: default
2021-11-03 22:13:43.119  WARN 21222 --- [restartedMain] JpaBaseConfiguration$JpaWebConfiguration : spring.jpa.open-in-view is enabled by default. Therefore, database queries may be performed during view rendering. Explicitly configure spring.jpa.open-in-view to disable this warning
2021-11-03 22:13:43.347  INFO 21222 --- [restartedMain] c.b.e.EmployeePayrollAppApplication      : Started EmployeePayrollAppApplication in 2.129 seconds (JVM running for 2.639)
2021-11-03 22:13:43.349  INFO 21222 --- [restartedMain] c.b.e.EmployeePayrollAppApplication      : Employee Payroll App Started
